<?xml version="1.0" encoding="UTF-8"?>
<!-- Generated by org.testng.reporters.JUnitReportReporter -->
<testsuite hostname="DESKTOP-0E69Q2H" failures="0" tests="3" name="yelseSoft.com.FlightSearchSteps" time="85.785" errors="0" timestamp="2024-09-02T17:22:17 CDT" skipped="0">
  <testcase classname="yelseSoft.com.FlightSearchSteps" name="testFlightSearch" time="25.244"/>
  <testcase classname="yelseSoft.com.FlightSearchSteps" name="testFlightSearch" time="34.135"/>
  <testcase classname="yelseSoft.com.FlightSearchSteps" name="testFlightSearch" time="26.406"/>
</testsuite> <!-- yelseSoft.com.FlightSearchSteps -->
